<?xml version="1.0" encoding="UTF-8"?>
<!-- Generated by org.testng.reporters.JUnitReportReporter -->
<testsuite hostname="JAMOCHA30" failures="0" tests="1" name="test.EnableDiasbleChkInCud" time="12.483" errors="0" timestamp="2023-10-31T17:55:00 IST" skipped="0">
  <testcase classname="test.EnableDiasbleChkInCud" name="enableDiasbleChkInCud" time="12.483"/>
  <system-out/>
</testsuite> <!-- test.EnableDiasbleChkInCud -->
