<?xml version="1.0" encoding="UTF-8"?>
<!-- Generated by org.testng.reporters.JUnitReportReporter -->
<testsuite hostname="JAMOCHA30" failures="0" tests="1" name="test.CalculateAverageWorkingHours" time="20.162" errors="0" timestamp="2023-11-03T17:05:25 IST" skipped="0">
  <testcase classname="test.CalculateAverageWorkingHours" name="enableDiasbleChkInCud" time="20.162"/>
  <system-out/>
</testsuite> <!-- test.CalculateAverageWorkingHours -->
