<?xml version="1.0" encoding="UTF-8"?>
<!-- Generated by org.testng.reporters.JUnitReportReporter -->
<testsuite hostname="JAMOCHA30" failures="0" tests="1" name="test.login" time="4.702" errors="0" timestamp="2023-10-31T16:33:35 IST" skipped="0">
  <testcase classname="test.login" name="test_Login_Successful" time="4.702"/>
  <system-out/>
</testsuite> <!-- test.login -->
